 
****************************************
Report : area
Design : alu
Version: R-2020.09-SP5
Date   : Tue Mar  8 23:24:03 2022
****************************************

Library(s) Used:

    fsa0m_a_generic_core_tt1p8v25c (File: /home/raid7_2/userb08/b8502141/HW3/fsa0m_a_generic_core_tt1p8v25c.db)

Number of ports:                          130
Number of nets:                           579
Number of cells:                          401
Number of combinational cells:            363
Number of sequential cells:                35
Number of macros/black boxes:               0
Number of buf/inv:                         98
Number of references:                      26

Combinational area:               7533.892821
Buf/Inv area:                      656.207993
Noncombinational area:            2227.982376
Macro/Black Box area:                0.000000
Net Interconnect area:      undefined  (Wire load has zero net area)

Total cell area:                  9761.875197
Total area:                 undefined
1
